<?xml version="1.0" encoding="UTF-8"?>
<!-- Generated by org.testng.reporters.JUnitReportReporter -->
<testsuite hostname="pradippa-gift" name="TestRunner.CucumberTestRunner" tests="1" failures="1" timestamp="24 Apr 2024 12:44:34 GMT" time="38.297" errors="0">
  <testcase name="runScenario" time="38.297" classname="TestRunner.CucumberTestRunner">
    <failure type="java.lang.AssertionError" message="Financial Crime Compliance header text not matached expected [Making financial crime prevention simples] but found [Making financial crime prevention simple]">
      <![CDATA[java.lang.AssertionError: Financial Crime Compliance header text not matached expected [Making financial crime prevention simples] but found [Making financial crime prevention simple]
	at org.testng.Assert.fail(Assert.java:94)
	at org.testng.Assert.failNotEquals(Assert.java:496)
	at org.testng.Assert.assertEquals(Assert.java:125)
	at org.testng.Assert.assertEquals(Assert.java:178)
	at pages.FinancialCrimeCompliancePage.verifyHeader(FinancialCrimeCompliancePage.java:18)
	at StepDefinitions.FinancialCrimeComplianceStepDefinitions.user_clicks_on_financial_Crime_compliance_link(FinancialCrimeComplianceStepDefinitions.java:15)
	at ✽.Verify the title page is matched(file:///D:/Workspace/src/test/resources/Features/LexisNexis.feature:33)
]]>
    </failure>
  </testcase> <!-- runScenario -->
</testsuite> <!-- TestRunner.CucumberTestRunner -->
